<?xml version="1.0" encoding="UTF-8"?>
<testsuite name="TestForm" tests="1" skipped="0" failures="0" errors="0" timestamp="2024-09-28T17:52:48" hostname="MacBook-Pro-Rinat.local" time="24.109">
  <properties/>
  <testcase name="successForm()" classname="TestForm" time="24.109"/>
  <system-out><![CDATA[]]></system-out>
  <system-err><![CDATA[SLF4J: No SLF4J providers were found.
SLF4J: Defaulting to no-operation (NOP) logger implementation
SLF4J: See https://www.slf4j.org/codes.html#noProviders for further details.
]]></system-err>
</testsuite>
